#! /c/iverilog/bin/vvp
:ivl_version "0.9.7 " "(v0_9_7)";
:vpi_time_precision + 0;
:vpi_module "system";
:vpi_module "v2005_math";
:vpi_module "va_math";
S_012C3A80 .scope module, "Testbench" "Testbench" 2 3;
 .timescale 0 0;
v012CEF78_0 .var "i", 3 0;
v012CA148_0 .var "s", 1 0;
v012CA1A0_0 .net "y", 0 0, v012CEF20_0; 1 drivers
S_012C31F0 .scope module, "mux" "Mux4" 2 9, 3 1, S_012C3A80;
 .timescale 0 0;
v012C3278_0 .net "i", 3 0, v012CEF78_0; 1 drivers
v012C32D0_0 .net "s", 1 0, v012CA148_0; 1 drivers
v012CEF20_0 .var "y", 0 0;
E_012CD330 .event edge, v012C32D0_0, v012C3278_0;
    .scope S_012C31F0;
T_0 ;
    %wait E_012CD330;
    %ix/getv 1, v012C32D0_0;
    %jmp/1 T_0.0, 4;
    %load/x1p 8, v012C3278_0, 1;
    %jmp T_0.1;
T_0.0 ;
    %mov 8, 2, 1;
T_0.1 ;
; Save base=8 wid=1 in lookaside.
    %set/v v012CEF20_0, 8, 1;
    %jmp T_0;
    .thread T_0, $push;
    .scope S_012C3A80;
T_1 ;
    %set/v v012CEF78_0, 0, 4;
    %end;
    .thread T_1;
    .scope S_012C3A80;
T_2 ;
    %set/v v012CA148_0, 0, 2;
    %end;
    .thread T_2;
    .scope S_012C3A80;
T_3 ;
    %vpi_call 2 12 "$monitor", "%b %b %b", v012CEF78_0, v012CA148_0, v012CA1A0_0;
    %end;
    .thread T_3;
    .scope S_012C3A80;
T_4 ;
    %delay 1, 0;
    %ix/load 0, 0, 0;
    %set/x0 v012CEF78_0, 0, 1;
    %ix/load 0, 1, 0;
    %set/x0 v012CEF78_0, 1, 1;
    %ix/load 0, 1, 0;
    %set/x0 v012CA148_0, 1, 1;
    %delay 1, 0;
    %ix/load 0, 1, 0;
    %set/x0 v012CEF78_0, 0, 1;
    %ix/load 0, 2, 0;
    %set/x0 v012CEF78_0, 1, 1;
    %ix/load 0, 0, 0;
    %set/x0 v012CA148_0, 1, 1;
    %delay 1, 0;
    %ix/load 0, 2, 0;
    %set/x0 v012CEF78_0, 0, 1;
    %ix/load 0, 0, 0;
    %set/x0 v012CEF78_0, 1, 1;
    %ix/load 0, 1, 0;
    %set/x0 v012CA148_0, 1, 1;
    %delay 1, 0;
    %ix/load 0, 1, 0;
    %set/x0 v012CEF78_0, 0, 1;
    %ix/load 0, 3, 0;
    %set/x0 v012CEF78_0, 1, 1;
    %ix/load 0, 0, 0;
    %set/x0 v012CA148_0, 1, 1;
    %delay 1, 0;
    %ix/load 0, 3, 0;
    %set/x0 v012CEF78_0, 0, 1;
    %ix/load 0, 2, 0;
    %set/x0 v012CEF78_0, 1, 1;
    %ix/load 0, 1, 0;
    %set/x0 v012CA148_0, 0, 1;
    %delay 1, 0;
    %ix/load 0, 0, 0;
    %set/x0 v012CEF78_0, 0, 1;
    %ix/load 0, 1, 0;
    %set/x0 v012CEF78_0, 1, 1;
    %ix/load 0, 0, 0;
    %set/x0 v012CA148_0, 0, 1;
    %delay 1, 0;
    %ix/load 0, 0, 0;
    %set/x0 v012CEF78_0, 0, 1;
    %ix/load 0, 2, 0;
    %set/x0 v012CEF78_0, 1, 1;
    %ix/load 0, 0, 0;
    %set/x0 v012CA148_0, 1, 1;
    %delay 1, 0;
    %ix/load 0, 2, 0;
    %set/x0 v012CEF78_0, 1, 1;
    %ix/load 0, 3, 0;
    %set/x0 v012CEF78_0, 1, 1;
    %ix/load 0, 1, 0;
    %set/x0 v012CA148_0, 1, 1;
    %delay 1, 0;
    %ix/load 0, 3, 0;
    %set/x0 v012CEF78_0, 0, 1;
    %ix/load 0, 0, 0;
    %set/x0 v012CEF78_0, 1, 1;
    %ix/load 0, 0, 0;
    %set/x0 v012CA148_0, 0, 1;
    %end;
    .thread T_4;
# The file index is used to find the file name in the following table.
:file_names 4;
    "N/A";
    "<interactive>";
    ".\testbench.v";
    "./mux4.v";
